This is pdfTeX, Version 3.141592653-2.6-1.40.25 (MiKTeX 24.1) (preloaded format=pdflatex 2024.5.22)  12 SEP 2024 14:55
entering extended mode
 restricted \write18 enabled.
 %&-line parsing enabled.
**"./Pong Dokumentation.tex"
(Pong Dokumentation.tex
LaTeX2e <2023-11-01> patch level 1
L3 programming layer <2024-01-04>
(C:\My_Programms\MikTex\tex/latex/base\article.cls
Document Class: article 2023/05/17 v1.4n Standard LaTeX document class
(C:\My_Programms\MikTex\tex/latex/base\size10.clo
File: size10.clo 2023/05/17 v1.4n Standard LaTeX file (size option)
)
\c@part=\count187
\c@section=\count188
\c@subsection=\count189
\c@subsubsection=\count190
\c@paragraph=\count191
\c@subparagraph=\count192
\c@figure=\count193
\c@table=\count194
\abovecaptionskip=\skip48
\belowcaptionskip=\skip49
\bibindent=\dimen140
)
(C:\My_Programms\MikTex\tex/latex/base\fontenc.sty
Package: fontenc 2021/04/29 v2.0v Standard LaTeX package
)
(C:\My_Programms\MikTex\tex/latex/psnfss\utopia.sty
Package: utopia 2020/03/25 PSNFSS-v9.3 (P.Dyballa) 


Package utopia Warning: This package is to be regarded as obsolete.
(utopia)                See the PSNFSS documentation.

) (C:\My_Programms\MikTex\tex/latex/isodate\isodate.sty
Package: isodate 2010/01/03 v2.30 Print dates with different formats (HH)

(C:\My_Programms\MikTex\tex/latex/base\ifthen.sty
Package: ifthen 2022/04/13 v1.1d Standard LaTeX ifthen package (DPC)
)
(C:\My_Programms\MikTex\tex/latex/substr\substr.sty
Package: substr 2009/10/20 v1.2 Handle substrings
\c@su@anzahl=\count195
)
(C:\My_Programms\MikTex\tex/latex/isodate\german.idf
File: german.idf 2010/01/03 v2.30 Language definitions for isodate package (HH)


Define commands for German date format (ngerman)
)
\c@iso@tmpmonth=\count196
\c@iso@yeartwo=\count197
\c@iso@slash=\count198
\c@iso@minus=\count199
\c@iso@dot=\count266
\c@iso@@slash=\count267
\c@iso@@minus=\count268
\c@iso@@dot=\count269
)
LaTeX Font Info:    Trying to load font information for T1+put on input line 7.

 (C:\My_Programms\MikTex\tex/latex/psnfss\t1put.fd
File: t1put.fd 2001/06/04 font definitions for T1/put.
)
(C:\My_Programms\MikTex\tex/latex/l3backend\l3backend-pdftex.def
File: l3backend-pdftex.def 2024-01-04 L3 backend support: PDF output (pdfTeX)
\l__color_backend_stack_int=\count270
\l__pdf_internal_box=\box51
)
(Pong Dokumentation.aux (Kapitel/Titelseite.aux) (Kapitel/Kapitel1.aux))
\openout1 = `"Pong Dokumentation.aux"'.

LaTeX Font Info:    Checking defaults for OML/cmm/m/it on input line 7.
LaTeX Font Info:    ... okay on input line 7.
LaTeX Font Info:    Checking defaults for OMS/cmsy/m/n on input line 7.
LaTeX Font Info:    ... okay on input line 7.
LaTeX Font Info:    Checking defaults for OT1/cmr/m/n on input line 7.
LaTeX Font Info:    ... okay on input line 7.
LaTeX Font Info:    Checking defaults for T1/cmr/m/n on input line 7.
LaTeX Font Info:    ... okay on input line 7.
LaTeX Font Info:    Checking defaults for TS1/cmr/m/n on input line 7.
LaTeX Font Info:    ... okay on input line 7.
LaTeX Font Info:    Checking defaults for OMX/cmex/m/n on input line 7.
LaTeX Font Info:    ... okay on input line 7.
LaTeX Font Info:    Checking defaults for U/cmr/m/n on input line 7.
LaTeX Font Info:    ... okay on input line 7.

isodate: babel.sty, (n)german.sty have not been loaded
\openout2 = `Kapitel/Titelseite.aux'.

(Kapitel/Titelseite.tex [1


{C:/Users/de03568/AppData/Local/MiKTeX/fonts/map/pdftex/pdftex.map}{C:/My_Progr
amms/MikTex/fonts/enc/dvips/base/8r.enc}])
(Pong Dokumentation.toc)
\tf@toc=\write3
\openout3 = `"Pong Dokumentation.toc"'.

 [1


]
\openout2 = `Kapitel/Kapitel1.aux'.

 (Kapitel/Kapitel1.tex
Overfull \hbox (28.41621pt too wide) in paragraph at lines 2--3
\T1/put/m/n/10 In diesem Kapi-tel soll beschrieben wer-den wieso wir uns für da
s Pro-jekt entschieden
 []

) [2

] (Pong Dokumentation.aux (Kapitel/Titelseite.aux) (Kapitel/Kapitel1.aux))
 ***********
LaTeX2e <2023-11-01> patch level 1
L3 programming layer <2024-01-04>
 ***********
 ) 
Here is how much of TeX's memory you used:
 1118 strings out of 474486
 19476 string characters out of 5754067
 1927542 words of memory out of 5000000
 23432 multiletter control sequences out of 15000+600000
 596180 words of font info for 48 fonts, out of 8000000 for 9000
 1141 hyphenation exceptions out of 8191
 42i,5n,51p,220b,130s stack positions out of 10000i,1000n,20000p,200000b,200000s
<C:/My_Programms/MikTex/fonts/type1/adobe/utopia/putb8a.pfb><C:/My_Programms/
MikTex/fonts/type1/adobe/utopia/putr8a.pfb>
Output written on "Pong Dokumentation.pdf" (3 pages, 39921 bytes).
PDF statistics:
 23 PDF objects out of 1000 (max. 8388607)
 0 named destinations out of 1000 (max. 500000)
 1 words of extra memory for PDF output out of 10000 (max. 10000000)

